<?xml version="1.0" encoding="UTF-8"?>
<!-- Generated by org.testng.reporters.JUnitXMLReporter -->
<testsuite hostname="HP" ignored="0" name="Default test" tests="5" failures="0" timestamp="07 Sep 2017 17:05:41 GMT" time="19.203" errors="0">
  <testcase name="logInTest" time="2.601" classname="com.alexandrovskiy.DemoFiddle.tests.FiddlesTest"/>
  <testcase name="savedFiddleTest" time="2.323" classname="com.alexandrovskiy.DemoFiddle.tests.FiddlesTest"/>
  <testcase name="createForkTest" time="1.854" classname="com.alexandrovskiy.DemoFiddle.tests.FiddlesTest"/>
  <testcase name="deleteForkTest" time="1.181" classname="com.alexandrovskiy.DemoFiddle.tests.FiddlesTest"/>
  <testcase name="logOutTest" time="2.264" classname="com.alexandrovskiy.DemoFiddle.tests.FiddlesTest"/>
</testsuite> <!-- Default test -->
